<?xml version="1.0" encoding="UTF-8"?>
<testsuite xmlns:xsi="http://www.w3.org/2001/XMLSchema-instance" xsi:noNamespaceSchemaLocation="https://maven.apache.org/surefire/maven-surefire-plugin/xsd/surefire-test-report.xsd" version="3.0.2" name="testRunner.TestRunner" time="25.604" tests="4" errors="0" skipped="0" failures="0">
  <properties>
[...]
</properties>
  <testcase name="Successful Login with Valid Credentials" classname="Login with Valid Credentials" time="7.236">
    <system-out><![CDATA[
@sanity @regression
Scenario: Successful Login with Valid Credentials                     # Features/Login.feature:4
  Given the user navigates to login page                              # stepDefinitions.LoginSteps.user_navigate_to_login_page()
  When user enters email as "pavang@gmail.com" and password as "cold" # stepDefinitions.LoginSteps.user_enters_email_as_and_password_as(java.lang.String,java.lang.String)
  And the user clicks on the Login button                             # stepDefinitions.LoginSteps.click_on_login_button()
  Then the user should be redirected to the MyAccount Page            # stepDefinitions.LoginSteps.user_navigates_to_my_account_page()
]]></system-out>
    <system-err><![CDATA[Jul 02, 2025 4:17:35 PM org.openqa.selenium.devtools.CdpVersionFinder findNearestMatch
WARNING: Unable to find an exact match for CDP version 138, returning the closest version; found: 137; Please update to a Selenium version that supports CDP version 138
]]></system-err>
  </testcase>
  <testcase name="Login Data Driven #1" classname="Login with Valid Credentials" time="4.85">
    <system-out><![CDATA[
@regression
Scenario Outline: Login Data Driven                                     # Features/Login.feature:19
  Given the user navigates to login page                                # stepDefinitions.LoginSteps.user_navigate_to_login_page()
  When user enters email as "madhu144@gmail.com" and password as "cold" # stepDefinitions.LoginSteps.user_enters_email_as_and_password_as(java.lang.String,java.lang.String)
  And the user clicks on the Login button                               # stepDefinitions.LoginSteps.click_on_login_button()
  Then the user should be redirected to the MyAccount Page              # stepDefinitions.LoginSteps.user_navigates_to_my_account_page()
]]></system-out>
    <system-err><![CDATA[Jul 02, 2025 4:17:41 PM org.openqa.selenium.devtools.CdpVersionFinder findNearestMatch
WARNING: Unable to find an exact match for CDP version 138, returning the closest version; found: 137; Please update to a Selenium version that supports CDP version 138
]]></system-err>
  </testcase>
  <testcase name="Login Data Driven #2" classname="Login with Valid Credentials" time="4.651">
    <system-out><![CDATA[
@regression
Scenario Outline: Login Data Driven                                   # Features/Login.feature:20
  Given the user navigates to login page                              # stepDefinitions.LoginSteps.user_navigate_to_login_page()
  When user enters email as "pavang@gmail.com" and password as "cold" # stepDefinitions.LoginSteps.user_enters_email_as_and_password_as(java.lang.String,java.lang.String)
  And the user clicks on the Login button                             # stepDefinitions.LoginSteps.click_on_login_button()
  Then the user should be redirected to the MyAccount Page            # stepDefinitions.LoginSteps.user_navigates_to_my_account_page()
]]></system-out>
    <system-err><![CDATA[Jul 02, 2025 4:17:45 PM org.openqa.selenium.devtools.CdpVersionFinder findNearestMatch
WARNING: Unable to find an exact match for CDP version 138, returning the closest version; found: 137; Please update to a Selenium version that supports CDP version 138
]]></system-err>
  </testcase>
  <testcase name="Successful Account Registration" classname="Account Registration" time="5.129">
    <system-out><![CDATA[
@regression
Scenario: Successful Account Registration               # Features/Registration.feature:4
  Given the user navigates to Register Account page     # stepDefinitions.RegistrationSteps.user_navigates_to_register_account_page()
  When the user enters the details into below fields    # stepDefinitions.RegistrationSteps.user_enters_the_details_into_below_fields(io.cucumber.datatable.DataTable)
    | firstName | john       |
    | lastName  | Kenedy     |
    | telephone | 1345267890 |
    | password  | test@123   |
  And the user selects Privacy Policy                   # stepDefinitions.RegistrationSteps.user_selects_privacy_policy()
  And the user clicks on Continue button                # stepDefinitions.RegistrationSteps.user_clicks_on_continue_button()
  Then the user account should get created successfully # stepDefinitions.RegistrationSteps.user_account_should_get_created_successfully()
]]></system-out>
    <system-err><![CDATA[Jul 02, 2025 4:17:50 PM org.openqa.selenium.devtools.CdpVersionFinder findNearestMatch
WARNING: Unable to find an exact match for CDP version 138, returning the closest version; found: 137; Please update to a Selenium version that supports CDP version 138
]]></system-err>
  </testcase>
</testsuite>